[2017-12-17 05:31:13] local.ERROR: exception 'PDOException' with message 'SQLSTATE[HY000] [1045] Access denied for user 'homestead'@'localhost' (using password: YES)' in /Users/lesin/vagrant/phpword/vendor/laravel/framework/src/Illuminate/Database/Connectors/Connector.php:68
Stack trace:
#0 /Users/lesin/vagrant/phpword/vendor/laravel/framework/src/Illuminate/Database/Connectors/Connector.php(68): PDO->__construct('mysql:host=127....', 'homestead', 'secret', Array)
#1 /Users/lesin/vagrant/phpword/vendor/laravel/framework/src/Illuminate/Database/Connectors/Connector.php(45): Illuminate\Database\Connectors\Connector->createPdoConnection('mysql:host=127....', 'homestead', 'secret', Array)
#2 /Users/lesin/vagrant/phpword/vendor/laravel/framework/src/Illuminate/Database/Connectors/MySqlConnector.php(24): Illuminate\Database\Connectors\Connector->createConnection('mysql:host=127....', Array, Array)
#3 /Users/lesin/vagrant/phpword/vendor/laravel/framework/src/Illuminate/Database/Connectors/ConnectionFactory.php(183): Illuminate\Database\Connectors\MySqlConnector->connect(Array)
#4 [internal function]: Illuminate\Database\Connectors\ConnectionFactory->Illuminate\Database\Connectors\{closure}()
#5 /Users/lesin/vagrant/phpword/vendor/laravel/framework/src/Illuminate/Database/Connection.php(882): call_user_func(Object(Closure))
#6 /Users/lesin/vagrant/phpword/vendor/laravel/framework/src/Illuminate/Database/Connection.php(445): Illuminate\Database\Connection->getPdo()
#7 /Users/lesin/vagrant/phpword/vendor/laravel/framework/src/Illuminate/Database/Connection.php(640): Illuminate\Database\Connection->Illuminate\Database\{closure}('insert into `ad...', Array)
#8 /Users/lesin/vagrant/phpword/vendor/laravel/framework/src/Illuminate/Database/Connection.php(607): Illuminate\Database\Connection->runQueryCallback('insert into `ad...', Array, Object(Closure))
#9 /Users/lesin/vagrant/phpword/vendor/laravel/framework/src/Illuminate/Database/Connection.php(450): Illuminate\Database\Connection->run('insert into `ad...', Array, Object(Closure))
#10 /Users/lesin/vagrant/phpword/vendor/laravel/framework/src/Illuminate/Database/Connection.php(404): Illuminate\Database\Connection->statement('insert into `ad...', Array)
#11 /Users/lesin/vagrant/phpword/vendor/laravel/framework/src/Illuminate/Database/Query/Processors/Processor.php(32): Illuminate\Database\Connection->insert('insert into `ad...', Array)
#12 /Users/lesin/vagrant/phpword/vendor/laravel/framework/src/Illuminate/Database/Query/Builder.php(2196): Illuminate\Database\Query\Processors\Processor->processInsertGetId(Object(Illuminate\Database\Query\Builder), 'insert into `ad...', Array, 'id')
#13 /Users/lesin/vagrant/phpword/vendor/laravel/framework/src/Illuminate/Database/Eloquent/Builder.php(1319): Illuminate\Database\Query\Builder->insertGetId(Array, 'id')
#14 /Users/lesin/vagrant/phpword/vendor/laravel/framework/src/Illuminate/Database/Eloquent/Model.php(674): Illuminate\Database\Eloquent\Builder->__call('insertGetId', Array)
#15 /Users/lesin/vagrant/phpword/vendor/laravel/framework/src/Illuminate/Database/Eloquent/Model.php(674): Illuminate\Database\Eloquent\Builder->insertGetId(Array, 'id')
#16 /Users/lesin/vagrant/phpword/vendor/laravel/framework/src/Illuminate/Database/Eloquent/Model.php(639): Illuminate\Database\Eloquent\Model->insertAndSetId(Object(Illuminate\Database\Eloquent\Builder), Array)
#17 /Users/lesin/vagrant/phpword/vendor/laravel/framework/src/Illuminate/Database/Eloquent/Model.php(508): Illuminate\Database\Eloquent\Model->performInsert(Object(Illuminate\Database\Eloquent\Builder))
#18 /Users/lesin/vagrant/phpword/app/AdminLog.php(18): Illuminate\Database\Eloquent\Model->save()
#19 /Users/lesin/vagrant/phpword/app/Providers/RouteServiceProvider.php(87): App\AdminLog->writeLog('/export')
#20 /Users/lesin/vagrant/phpword/app/Providers/RouteServiceProvider.php(31): App\Providers\RouteServiceProvider->_autoTrace()
#21 [internal function]: App\Providers\RouteServiceProvider->boot()
#22 /Users/lesin/vagrant/phpword/vendor/laravel/framework/src/Illuminate/Container/BoundMethod.php(29): call_user_func_array(Array, Array)
#23 /Users/lesin/vagrant/phpword/vendor/laravel/framework/src/Illuminate/Support/helpers.php(912): Illuminate\Container\BoundMethod::Illuminate\Container\{closure}()
#24 /Users/lesin/vagrant/phpword/vendor/laravel/framework/src/Illuminate/Container/BoundMethod.php(86): value(Object(Closure))
#25 /Users/lesin/vagrant/phpword/vendor/laravel/framework/src/Illuminate/Container/BoundMethod.php(30): Illuminate\Container\BoundMethod::callBoundMethod(Object(Illuminate\Foundation\Application), Array, Object(Closure))
#26 /Users/lesin/vagrant/phpword/vendor/laravel/framework/src/Illuminate/Container/Container.php(524): Illuminate\Container\BoundMethod::call(Object(Illuminate\Foundation\Application), Array, Array, NULL)
#27 /Users/lesin/vagrant/phpword/vendor/laravel/framework/src/Illuminate/Foundation/Application.php(762): Illuminate\Container\Container->call(Array)
#28 /Users/lesin/vagrant/phpword/vendor/laravel/framework/src/Illuminate/Foundation/Application.php(745): Illuminate\Foundation\Application->bootProvider(Object(App\Providers\RouteServiceProvider))
#29 [internal function]: Illuminate\Foundation\Application->Illuminate\Foundation\{closure}(Object(App\Providers\RouteServiceProvider), 17)
#30 /Users/lesin/vagrant/phpword/vendor/laravel/framework/src/Illuminate/Foundation/Application.php(746): array_walk(Array, Object(Closure))
#31 /Users/lesin/vagrant/phpword/vendor/laravel/framework/src/Illuminate/Foundation/Bootstrap/BootProviders.php(17): Illuminate\Foundation\Application->boot()
#32 /Users/lesin/vagrant/phpword/vendor/laravel/framework/src/Illuminate/Foundation/Application.php(208): Illuminate\Foundation\Bootstrap\BootProviders->bootstrap(Object(Illuminate\Foundation\Application))
#33 /Users/lesin/vagrant/phpword/vendor/laravel/framework/src/Illuminate/Foundation/Http/Kernel.php(160): Illuminate\Foundation\Application->bootstrapWith(Array)
#34 /Users/lesin/vagrant/phpword/vendor/laravel/framework/src/Illuminate/Foundation/Http/Kernel.php(144): Illuminate\Foundation\Http\Kernel->bootstrap()
#35 /Users/lesin/vagrant/phpword/vendor/laravel/framework/src/Illuminate/Foundation/Http/Kernel.php(116): Illuminate\Foundation\Http\Kernel->sendRequestThroughRouter(Object(Illuminate\Http\Request))
#36 /Users/lesin/vagrant/phpword/public/index.php(54): Illuminate\Foundation\Http\Kernel->handle(Object(Illuminate\Http\Request))
#37 /Users/lesin/vagrant/phpword/server.php(21): require_once('/Users/lesin/va...')
#38 {main}  
[2017-12-17 05:31:13] local.ERROR: exception 'PDOException' with message 'SQLSTATE[HY000] [1045] Access denied for user 'homestead'@'localhost' (using password: YES)' in /Users/lesin/vagrant/phpword/vendor/laravel/framework/src/Illuminate/Database/Connectors/Connector.php:68
Stack trace:
#0 /Users/lesin/vagrant/phpword/vendor/laravel/framework/src/Illuminate/Database/Connectors/Connector.php(68): PDO->__construct('mysql:host=127....', 'homestead', 'secret', Array)
#1 /Users/lesin/vagrant/phpword/vendor/laravel/framework/src/Illuminate/Database/Connectors/Connector.php(45): Illuminate\Database\Connectors\Connector->createPdoConnection('mysql:host=127....', 'homestead', 'secret', Array)
#2 /Users/lesin/vagrant/phpword/vendor/laravel/framework/src/Illuminate/Database/Connectors/MySqlConnector.php(24): Illuminate\Database\Connectors\Connector->createConnection('mysql:host=127....', Array, Array)
#3 /Users/lesin/vagrant/phpword/vendor/laravel/framework/src/Illuminate/Database/Connectors/ConnectionFactory.php(183): Illuminate\Database\Connectors\MySqlConnector->connect(Array)
#4 [internal function]: Illuminate\Database\Connectors\ConnectionFactory->Illuminate\Database\Connectors\{closure}()
#5 /Users/lesin/vagrant/phpword/vendor/laravel/framework/src/Illuminate/Database/Connection.php(882): call_user_func(Object(Closure))
#6 /Users/lesin/vagrant/phpword/vendor/laravel/framework/src/Illuminate/Database/Connection.php(445): Illuminate\Database\Connection->getPdo()
#7 /Users/lesin/vagrant/phpword/vendor/laravel/framework/src/Illuminate/Database/Connection.php(640): Illuminate\Database\Connection->Illuminate\Database\{closure}('insert into `ad...', Array)
#8 /Users/lesin/vagrant/phpword/vendor/laravel/framework/src/Illuminate/Database/Connection.php(607): Illuminate\Database\Connection->runQueryCallback('insert into `ad...', Array, Object(Closure))
#9 /Users/lesin/vagrant/phpword/vendor/laravel/framework/src/Illuminate/Database/Connection.php(450): Illuminate\Database\Connection->run('insert into `ad...', Array, Object(Closure))
#10 /Users/lesin/vagrant/phpword/vendor/laravel/framework/src/Illuminate/Database/Connection.php(404): Illuminate\Database\Connection->statement('insert into `ad...', Array)
#11 /Users/lesin/vagrant/phpword/vendor/laravel/framework/src/Illuminate/Database/Query/Processors/Processor.php(32): Illuminate\Database\Connection->insert('insert into `ad...', Array)
#12 /Users/lesin/vagrant/phpword/vendor/laravel/framework/src/Illuminate/Database/Query/Builder.php(2196): Illuminate\Database\Query\Processors\Processor->processInsertGetId(Object(Illuminate\Database\Query\Builder), 'insert into `ad...', Array, 'id')
#13 /Users/lesin/vagrant/phpword/vendor/laravel/framework/src/Illuminate/Database/Eloquent/Builder.php(1319): Illuminate\Database\Query\Builder->insertGetId(Array, 'id')
#14 /Users/lesin/vagrant/phpword/vendor/laravel/framework/src/Illuminate/Database/Eloquent/Model.php(674): Illuminate\Database\Eloquent\Builder->__call('insertGetId', Array)
#15 /Users/lesin/vagrant/phpword/vendor/laravel/framework/src/Illuminate/Database/Eloquent/Model.php(674): Illuminate\Database\Eloquent\Builder->insertGetId(Array, 'id')
#16 /Users/lesin/vagrant/phpword/vendor/laravel/framework/src/Illuminate/Database/Eloquent/Model.php(639): Illuminate\Database\Eloquent\Model->insertAndSetId(Object(Illuminate\Database\Eloquent\Builder), Array)
#17 /Users/lesin/vagrant/phpword/vendor/laravel/framework/src/Illuminate/Database/Eloquent/Model.php(508): Illuminate\Database\Eloquent\Model->performInsert(Object(Illuminate\Database\Eloquent\Builder))
#18 /Users/lesin/vagrant/phpword/app/AdminLog.php(18): Illuminate\Database\Eloquent\Model->save()
#19 /Users/lesin/vagrant/phpword/app/Providers/RouteServiceProvider.php(87): App\AdminLog->writeLog('/export')
#20 /Users/lesin/vagrant/phpword/app/Providers/RouteServiceProvider.php(31): App\Providers\RouteServiceProvider->_autoTrace()
#21 [internal function]: App\Providers\RouteServiceProvider->boot()
#22 /Users/lesin/vagrant/phpword/vendor/laravel/framework/src/Illuminate/Container/BoundMethod.php(29): call_user_func_array(Array, Array)
#23 /Users/lesin/vagrant/phpword/vendor/laravel/framework/src/Illuminate/Support/helpers.php(912): Illuminate\Container\BoundMethod::Illuminate\Container\{closure}()
#24 /Users/lesin/vagrant/phpword/vendor/laravel/framework/src/Illuminate/Container/BoundMethod.php(86): value(Object(Closure))
#25 /Users/lesin/vagrant/phpword/vendor/laravel/framework/src/Illuminate/Container/BoundMethod.php(30): Illuminate\Container\BoundMethod::callBoundMethod(Object(Illuminate\Foundation\Application), Array, Object(Closure))
#26 /Users/lesin/vagrant/phpword/vendor/laravel/framework/src/Illuminate/Container/Container.php(524): Illuminate\Container\BoundMethod::call(Object(Illuminate\Foundation\Application), Array, Array, NULL)
#27 /Users/lesin/vagrant/phpword/vendor/laravel/framework/src/Illuminate/Foundation/Application.php(762): Illuminate\Container\Container->call(Array)
#28 /Users/lesin/vagrant/phpword/vendor/laravel/framework/src/Illuminate/Foundation/Application.php(745): Illuminate\Foundation\Application->bootProvider(Object(App\Providers\RouteServiceProvider))
#29 [internal function]: Illuminate\Foundation\Application->Illuminate\Foundation\{closure}(Object(App\Providers\RouteServiceProvider), 17)
#30 /Users/lesin/vagrant/phpword/vendor/laravel/framework/src/Illuminate/Foundation/Application.php(746): array_walk(Array, Object(Closure))
#31 /Users/lesin/vagrant/phpword/vendor/laravel/framework/src/Illuminate/Foundation/Bootstrap/BootProviders.php(17): Illuminate\Foundation\Application->boot()
#32 /Users/lesin/vagrant/phpword/vendor/laravel/framework/src/Illuminate/Foundation/Application.php(208): Illuminate\Foundation\Bootstrap\BootProviders->bootstrap(Object(Illuminate\Foundation\Application))
#33 /Users/lesin/vagrant/phpword/vendor/laravel/framework/src/Illuminate/Foundation/Http/Kernel.php(160): Illuminate\Foundation\Application->bootstrapWith(Array)
#34 /Users/lesin/vagrant/phpword/vendor/laravel/framework/src/Illuminate/Foundation/Http/Kernel.php(144): Illuminate\Foundation\Http\Kernel->bootstrap()
#35 /Users/lesin/vagrant/phpword/vendor/laravel/framework/src/Illuminate/Foundation/Http/Kernel.php(116): Illuminate\Foundation\Http\Kernel->sendRequestThroughRouter(Object(Illuminate\Http\Request))
#36 /Users/lesin/vagrant/phpword/public/index.php(54): Illuminate\Foundation\Http\Kernel->handle(Object(Illuminate\Http\Request))
#37 /Users/lesin/vagrant/phpword/server.php(21): require_once('/Users/lesin/va...')
#38 {main}

Next exception 'Illuminate\Database\QueryException' with message 'SQLSTATE[HY000] [1045] Access denied for user 'homestead'@'localhost' (using password: YES) (SQL: insert into `admin_logs` (`user_id`, `nickname`, `action`) values (10, asd, /export))' in /Users/lesin/vagrant/phpword/vendor/laravel/framework/src/Illuminate/Database/Connection.php:647
Stack trace:
#0 /Users/lesin/vagrant/phpword/vendor/laravel/framework/src/Illuminate/Database/Connection.php(607): Illuminate\Database\Connection->runQueryCallback('insert into `ad...', Array, Object(Closure))
#1 /Users/lesin/vagrant/phpword/vendor/laravel/framework/src/Illuminate/Database/Connection.php(450): Illuminate\Database\Connection->run('insert into `ad...', Array, Object(Closure))
#2 /Users/lesin/vagrant/phpword/vendor/laravel/framework/src/Illuminate/Database/Connection.php(404): Illuminate\Database\Connection->statement('insert into `ad...', Array)
#3 /Users/lesin/vagrant/phpword/vendor/laravel/framework/src/Illuminate/Database/Query/Processors/Processor.php(32): Illuminate\Database\Connection->insert('insert into `ad...', Array)
#4 /Users/lesin/vagrant/phpword/vendor/laravel/framework/src/Illuminate/Database/Query/Builder.php(2196): Illuminate\Database\Query\Processors\Processor->processInsertGetId(Object(Illuminate\Database\Query\Builder), 'insert into `ad...', Array, 'id')
#5 /Users/lesin/vagrant/phpword/vendor/laravel/framework/src/Illuminate/Database/Eloquent/Builder.php(1319): Illuminate\Database\Query\Builder->insertGetId(Array, 'id')
#6 /Users/lesin/vagrant/phpword/vendor/laravel/framework/src/Illuminate/Database/Eloquent/Model.php(674): Illuminate\Database\Eloquent\Builder->__call('insertGetId', Array)
#7 /Users/lesin/vagrant/phpword/vendor/laravel/framework/src/Illuminate/Database/Eloquent/Model.php(674): Illuminate\Database\Eloquent\Builder->insertGetId(Array, 'id')
#8 /Users/lesin/vagrant/phpword/vendor/laravel/framework/src/Illuminate/Database/Eloquent/Model.php(639): Illuminate\Database\Eloquent\Model->insertAndSetId(Object(Illuminate\Database\Eloquent\Builder), Array)
#9 /Users/lesin/vagrant/phpword/vendor/laravel/framework/src/Illuminate/Database/Eloquent/Model.php(508): Illuminate\Database\Eloquent\Model->performInsert(Object(Illuminate\Database\Eloquent\Builder))
#10 /Users/lesin/vagrant/phpword/app/AdminLog.php(18): Illuminate\Database\Eloquent\Model->save()
#11 /Users/lesin/vagrant/phpword/app/Providers/RouteServiceProvider.php(87): App\AdminLog->writeLog('/export')
#12 /Users/lesin/vagrant/phpword/app/Providers/RouteServiceProvider.php(31): App\Providers\RouteServiceProvider->_autoTrace()
#13 [internal function]: App\Providers\RouteServiceProvider->boot()
#14 /Users/lesin/vagrant/phpword/vendor/laravel/framework/src/Illuminate/Container/BoundMethod.php(29): call_user_func_array(Array, Array)
#15 /Users/lesin/vagrant/phpword/vendor/laravel/framework/src/Illuminate/Support/helpers.php(912): Illuminate\Container\BoundMethod::Illuminate\Container\{closure}()
#16 /Users/lesin/vagrant/phpword/vendor/laravel/framework/src/Illuminate/Container/BoundMethod.php(86): value(Object(Closure))
#17 /Users/lesin/vagrant/phpword/vendor/laravel/framework/src/Illuminate/Container/BoundMethod.php(30): Illuminate\Container\BoundMethod::callBoundMethod(Object(Illuminate\Foundation\Application), Array, Object(Closure))
#18 /Users/lesin/vagrant/phpword/vendor/laravel/framework/src/Illuminate/Container/Container.php(524): Illuminate\Container\BoundMethod::call(Object(Illuminate\Foundation\Application), Array, Array, NULL)
#19 /Users/lesin/vagrant/phpword/vendor/laravel/framework/src/Illuminate/Foundation/Application.php(762): Illuminate\Container\Container->call(Array)
#20 /Users/lesin/vagrant/phpword/vendor/laravel/framework/src/Illuminate/Foundation/Application.php(745): Illuminate\Foundation\Application->bootProvider(Object(App\Providers\RouteServiceProvider))
#21 [internal function]: Illuminate\Foundation\Application->Illuminate\Foundation\{closure}(Object(App\Providers\RouteServiceProvider), 17)
#22 /Users/lesin/vagrant/phpword/vendor/laravel/framework/src/Illuminate/Foundation/Application.php(746): array_walk(Array, Object(Closure))
#23 /Users/lesin/vagrant/phpword/vendor/laravel/framework/src/Illuminate/Foundation/Bootstrap/BootProviders.php(17): Illuminate\Foundation\Application->boot()
#24 /Users/lesin/vagrant/phpword/vendor/laravel/framework/src/Illuminate/Foundation/Application.php(208): Illuminate\Foundation\Bootstrap\BootProviders->bootstrap(Object(Illuminate\Foundation\Application))
#25 /Users/lesin/vagrant/phpword/vendor/laravel/framework/src/Illuminate/Foundation/Http/Kernel.php(160): Illuminate\Foundation\Application->bootstrapWith(Array)
#26 /Users/lesin/vagrant/phpword/vendor/laravel/framework/src/Illuminate/Foundation/Http/Kernel.php(144): Illuminate\Foundation\Http\Kernel->bootstrap()
#27 /Users/lesin/vagrant/phpword/vendor/laravel/framework/src/Illuminate/Foundation/Http/Kernel.php(116): Illuminate\Foundation\Http\Kernel->sendRequestThroughRouter(Object(Illuminate\Http\Request))
#28 /Users/lesin/vagrant/phpword/public/index.php(54): Illuminate\Foundation\Http\Kernel->handle(Object(Illuminate\Http\Request))
#29 /Users/lesin/vagrant/phpword/server.php(21): require_once('/Users/lesin/va...')
#30 {main}  
[2017-12-17 05:47:52] local.ERROR: exception 'PDOException' with message 'SQLSTATE[HY000] [1045] Access denied for user 'homestead'@'localhost' (using password: YES)' in /Users/lesin/vagrant/phpword/vendor/laravel/framework/src/Illuminate/Database/Connectors/Connector.php:68
Stack trace:
#0 /Users/lesin/vagrant/phpword/vendor/laravel/framework/src/Illuminate/Database/Connectors/Connector.php(68): PDO->__construct('mysql:host=127....', 'homestead', 'secret', Array)
#1 /Users/lesin/vagrant/phpword/vendor/laravel/framework/src/Illuminate/Database/Connectors/Connector.php(45): Illuminate\Database\Connectors\Connector->createPdoConnection('mysql:host=127....', 'homestead', 'secret', Array)
#2 /Users/lesin/vagrant/phpword/vendor/laravel/framework/src/Illuminate/Database/Connectors/MySqlConnector.php(24): Illuminate\Database\Connectors\Connector->createConnection('mysql:host=127....', Array, Array)
#3 /Users/lesin/vagrant/phpword/vendor/laravel/framework/src/Illuminate/Database/Connectors/ConnectionFactory.php(183): Illuminate\Database\Connectors\MySqlConnector->connect(Array)
#4 [internal function]: Illuminate\Database\Connectors\ConnectionFactory->Illuminate\Database\Connectors\{closure}()
#5 /Users/lesin/vagrant/phpword/vendor/laravel/framework/src/Illuminate/Database/Connection.php(882): call_user_func(Object(Closure))
#6 /Users/lesin/vagrant/phpword/vendor/laravel/framework/src/Illuminate/Database/Connection.php(903): Illuminate\Database\Connection->getPdo()
#7 /Users/lesin/vagrant/phpword/vendor/laravel/framework/src/Illuminate/Database/Connection.php(392): Illuminate\Database\Connection->getReadPdo()
#8 /Users/lesin/vagrant/phpword/vendor/laravel/framework/src/Illuminate/Database/Connection.php(318): Illuminate\Database\Connection->getPdoForSelect(true)
#9 /Users/lesin/vagrant/phpword/vendor/laravel/framework/src/Illuminate/Database/Connection.php(640): Illuminate\Database\Connection->Illuminate\Database\{closure}('select * from i...', Array)
#10 /Users/lesin/vagrant/phpword/vendor/laravel/framework/src/Illuminate/Database/Connection.php(607): Illuminate\Database\Connection->runQueryCallback('select * from i...', Array, Object(Closure))
#11 /Users/lesin/vagrant/phpword/vendor/laravel/framework/src/Illuminate/Database/Connection.php(326): Illuminate\Database\Connection->run('select * from i...', Array, Object(Closure))
#12 /Users/lesin/vagrant/phpword/vendor/laravel/framework/src/Illuminate/Database/Schema/MySqlBuilder.php(19): Illuminate\Database\Connection->select('select * from i...', Array)
#13 /Users/lesin/vagrant/phpword/vendor/laravel/framework/src/Illuminate/Database/Migrations/DatabaseMigrationRepository.php(154): Illuminate\Database\Schema\MySqlBuilder->hasTable('migrations')
#14 /Users/lesin/vagrant/phpword/vendor/laravel/framework/src/Illuminate/Database/Migrations/Migrator.php(530): Illuminate\Database\Migrations\DatabaseMigrationRepository->repositoryExists()
#15 /Users/lesin/vagrant/phpword/vendor/laravel/framework/src/Illuminate/Database/Console/Migrations/MigrateCommand.php(96): Illuminate\Database\Migrations\Migrator->repositoryExists()
#16 /Users/lesin/vagrant/phpword/vendor/laravel/framework/src/Illuminate/Database/Console/Migrations/MigrateCommand.php(62): Illuminate\Database\Console\Migrations\MigrateCommand->prepareDatabase()
#17 [internal function]: Illuminate\Database\Console\Migrations\MigrateCommand->fire()
#18 /Users/lesin/vagrant/phpword/vendor/laravel/framework/src/Illuminate/Container/BoundMethod.php(29): call_user_func_array(Array, Array)
#19 /Users/lesin/vagrant/phpword/vendor/laravel/framework/src/Illuminate/Support/helpers.php(912): Illuminate\Container\BoundMethod::Illuminate\Container\{closure}()
#20 /Users/lesin/vagrant/phpword/vendor/laravel/framework/src/Illuminate/Container/BoundMethod.php(86): value(Object(Closure))
#21 /Users/lesin/vagrant/phpword/vendor/laravel/framework/src/Illuminate/Container/BoundMethod.php(30): Illuminate\Container\BoundMethod::callBoundMethod(Object(Illuminate\Foundation\Application), Array, Object(Closure))
#22 /Users/lesin/vagrant/phpword/vendor/laravel/framework/src/Illuminate/Container/Container.php(524): Illuminate\Container\BoundMethod::call(Object(Illuminate\Foundation\Application), Array, Array, NULL)
#23 /Users/lesin/vagrant/phpword/vendor/laravel/framework/src/Illuminate/Console/Command.php(182): Illuminate\Container\Container->call(Array)
#24 /Users/lesin/vagrant/phpword/vendor/symfony/console/Command/Command.php(262): Illuminate\Console\Command->execute(Object(Symfony\Component\Console\Input\ArgvInput), Object(Illuminate\Console\OutputStyle))
#25 /Users/lesin/vagrant/phpword/vendor/laravel/framework/src/Illuminate/Console/Command.php(168): Symfony\Component\Console\Command\Command->run(Object(Symfony\Component\Console\Input\ArgvInput), Object(Illuminate\Console\OutputStyle))
#26 /Users/lesin/vagrant/phpword/vendor/symfony/console/Application.php(826): Illuminate\Console\Command->run(Object(Symfony\Component\Console\Input\ArgvInput), Object(Symfony\Component\Console\Output\ConsoleOutput))
#27 /Users/lesin/vagrant/phpword/vendor/symfony/console/Application.php(189): Symfony\Component\Console\Application->doRunCommand(Object(Illuminate\Database\Console\Migrations\MigrateCommand), Object(Symfony\Component\Console\Input\ArgvInput), Object(Symfony\Component\Console\Output\ConsoleOutput))
#28 /Users/lesin/vagrant/phpword/vendor/symfony/console/Application.php(120): Symfony\Component\Console\Application->doRun(Object(Symfony\Component\Console\Input\ArgvInput), Object(Symfony\Component\Console\Output\ConsoleOutput))
#29 /Users/lesin/vagrant/phpword/vendor/laravel/framework/src/Illuminate/Foundation/Console/Kernel.php(123): Symfony\Component\Console\Application->run(Object(Symfony\Component\Console\Input\ArgvInput), Object(Symfony\Component\Console\Output\ConsoleOutput))
#30 /Users/lesin/vagrant/phpword/artisan(36): Illuminate\Foundation\Console\Kernel->handle(Object(Symfony\Component\Console\Input\ArgvInput), Object(Symfony\Component\Console\Output\ConsoleOutput))
#31 {main}  
[2017-12-17 05:47:52] local.ERROR: exception 'PDOException' with message 'SQLSTATE[HY000] [1045] Access denied for user 'homestead'@'localhost' (using password: YES)' in /Users/lesin/vagrant/phpword/vendor/laravel/framework/src/Illuminate/Database/Connectors/Connector.php:68
Stack trace:
#0 /Users/lesin/vagrant/phpword/vendor/laravel/framework/src/Illuminate/Database/Connectors/Connector.php(68): PDO->__construct('mysql:host=127....', 'homestead', 'secret', Array)
#1 /Users/lesin/vagrant/phpword/vendor/laravel/framework/src/Illuminate/Database/Connectors/Connector.php(45): Illuminate\Database\Connectors\Connector->createPdoConnection('mysql:host=127....', 'homestead', 'secret', Array)
#2 /Users/lesin/vagrant/phpword/vendor/laravel/framework/src/Illuminate/Database/Connectors/MySqlConnector.php(24): Illuminate\Database\Connectors\Connector->createConnection('mysql:host=127....', Array, Array)
#3 /Users/lesin/vagrant/phpword/vendor/laravel/framework/src/Illuminate/Database/Connectors/ConnectionFactory.php(183): Illuminate\Database\Connectors\MySqlConnector->connect(Array)
#4 [internal function]: Illuminate\Database\Connectors\ConnectionFactory->Illuminate\Database\Connectors\{closure}()
#5 /Users/lesin/vagrant/phpword/vendor/laravel/framework/src/Illuminate/Database/Connection.php(882): call_user_func(Object(Closure))
#6 /Users/lesin/vagrant/phpword/vendor/laravel/framework/src/Illuminate/Database/Connection.php(903): Illuminate\Database\Connection->getPdo()
#7 /Users/lesin/vagrant/phpword/vendor/laravel/framework/src/Illuminate/Database/Connection.php(392): Illuminate\Database\Connection->getReadPdo()
#8 /Users/lesin/vagrant/phpword/vendor/laravel/framework/src/Illuminate/Database/Connection.php(318): Illuminate\Database\Connection->getPdoForSelect(true)
#9 /Users/lesin/vagrant/phpword/vendor/laravel/framework/src/Illuminate/Database/Connection.php(640): Illuminate\Database\Connection->Illuminate\Database\{closure}('select * from i...', Array)
#10 /Users/lesin/vagrant/phpword/vendor/laravel/framework/src/Illuminate/Database/Connection.php(607): Illuminate\Database\Connection->runQueryCallback('select * from i...', Array, Object(Closure))
#11 /Users/lesin/vagrant/phpword/vendor/laravel/framework/src/Illuminate/Database/Connection.php(326): Illuminate\Database\Connection->run('select * from i...', Array, Object(Closure))
#12 /Users/lesin/vagrant/phpword/vendor/laravel/framework/src/Illuminate/Database/Schema/MySqlBuilder.php(19): Illuminate\Database\Connection->select('select * from i...', Array)
#13 /Users/lesin/vagrant/phpword/vendor/laravel/framework/src/Illuminate/Database/Migrations/DatabaseMigrationRepository.php(154): Illuminate\Database\Schema\MySqlBuilder->hasTable('migrations')
#14 /Users/lesin/vagrant/phpword/vendor/laravel/framework/src/Illuminate/Database/Migrations/Migrator.php(530): Illuminate\Database\Migrations\DatabaseMigrationRepository->repositoryExists()
#15 /Users/lesin/vagrant/phpword/vendor/laravel/framework/src/Illuminate/Database/Console/Migrations/MigrateCommand.php(96): Illuminate\Database\Migrations\Migrator->repositoryExists()
#16 /Users/lesin/vagrant/phpword/vendor/laravel/framework/src/Illuminate/Database/Console/Migrations/MigrateCommand.php(62): Illuminate\Database\Console\Migrations\MigrateCommand->prepareDatabase()
#17 [internal function]: Illuminate\Database\Console\Migrations\MigrateCommand->fire()
#18 /Users/lesin/vagrant/phpword/vendor/laravel/framework/src/Illuminate/Container/BoundMethod.php(29): call_user_func_array(Array, Array)
#19 /Users/lesin/vagrant/phpword/vendor/laravel/framework/src/Illuminate/Support/helpers.php(912): Illuminate\Container\BoundMethod::Illuminate\Container\{closure}()
#20 /Users/lesin/vagrant/phpword/vendor/laravel/framework/src/Illuminate/Container/BoundMethod.php(86): value(Object(Closure))
#21 /Users/lesin/vagrant/phpword/vendor/laravel/framework/src/Illuminate/Container/BoundMethod.php(30): Illuminate\Container\BoundMethod::callBoundMethod(Object(Illuminate\Foundation\Application), Array, Object(Closure))
#22 /Users/lesin/vagrant/phpword/vendor/laravel/framework/src/Illuminate/Container/Container.php(524): Illuminate\Container\BoundMethod::call(Object(Illuminate\Foundation\Application), Array, Array, NULL)
#23 /Users/lesin/vagrant/phpword/vendor/laravel/framework/src/Illuminate/Console/Command.php(182): Illuminate\Container\Container->call(Array)
#24 /Users/lesin/vagrant/phpword/vendor/symfony/console/Command/Command.php(262): Illuminate\Console\Command->execute(Object(Symfony\Component\Console\Input\ArgvInput), Object(Illuminate\Console\OutputStyle))
#25 /Users/lesin/vagrant/phpword/vendor/laravel/framework/src/Illuminate/Console/Command.php(168): Symfony\Component\Console\Command\Command->run(Object(Symfony\Component\Console\Input\ArgvInput), Object(Illuminate\Console\OutputStyle))
#26 /Users/lesin/vagrant/phpword/vendor/symfony/console/Application.php(826): Illuminate\Console\Command->run(Object(Symfony\Component\Console\Input\ArgvInput), Object(Symfony\Component\Console\Output\ConsoleOutput))
#27 /Users/lesin/vagrant/phpword/vendor/symfony/console/Application.php(189): Symfony\Component\Console\Application->doRunCommand(Object(Illuminate\Database\Console\Migrations\MigrateCommand), Object(Symfony\Component\Console\Input\ArgvInput), Object(Symfony\Component\Console\Output\ConsoleOutput))
#28 /Users/lesin/vagrant/phpword/vendor/symfony/console/Application.php(120): Symfony\Component\Console\Application->doRun(Object(Symfony\Component\Console\Input\ArgvInput), Object(Symfony\Component\Console\Output\ConsoleOutput))
#29 /Users/lesin/vagrant/phpword/vendor/laravel/framework/src/Illuminate/Foundation/Console/Kernel.php(123): Symfony\Component\Console\Application->run(Object(Symfony\Component\Console\Input\ArgvInput), Object(Symfony\Component\Console\Output\ConsoleOutput))
#30 /Users/lesin/vagrant/phpword/artisan(36): Illuminate\Foundation\Console\Kernel->handle(Object(Symfony\Component\Console\Input\ArgvInput), Object(Symfony\Component\Console\Output\ConsoleOutput))
#31 {main}

Next exception 'Illuminate\Database\QueryException' with message 'SQLSTATE[HY000] [1045] Access denied for user 'homestead'@'localhost' (using password: YES) (SQL: select * from information_schema.tables where table_schema = homestead and table_name = migrations)' in /Users/lesin/vagrant/phpword/vendor/laravel/framework/src/Illuminate/Database/Connection.php:647
Stack trace:
#0 /Users/lesin/vagrant/phpword/vendor/laravel/framework/src/Illuminate/Database/Connection.php(607): Illuminate\Database\Connection->runQueryCallback('select * from i...', Array, Object(Closure))
#1 /Users/lesin/vagrant/phpword/vendor/laravel/framework/src/Illuminate/Database/Connection.php(326): Illuminate\Database\Connection->run('select * from i...', Array, Object(Closure))
#2 /Users/lesin/vagrant/phpword/vendor/laravel/framework/src/Illuminate/Database/Schema/MySqlBuilder.php(19): Illuminate\Database\Connection->select('select * from i...', Array)
#3 /Users/lesin/vagrant/phpword/vendor/laravel/framework/src/Illuminate/Database/Migrations/DatabaseMigrationRepository.php(154): Illuminate\Database\Schema\MySqlBuilder->hasTable('migrations')
#4 /Users/lesin/vagrant/phpword/vendor/laravel/framework/src/Illuminate/Database/Migrations/Migrator.php(530): Illuminate\Database\Migrations\DatabaseMigrationRepository->repositoryExists()
#5 /Users/lesin/vagrant/phpword/vendor/laravel/framework/src/Illuminate/Database/Console/Migrations/MigrateCommand.php(96): Illuminate\Database\Migrations\Migrator->repositoryExists()
#6 /Users/lesin/vagrant/phpword/vendor/laravel/framework/src/Illuminate/Database/Console/Migrations/MigrateCommand.php(62): Illuminate\Database\Console\Migrations\MigrateCommand->prepareDatabase()
#7 [internal function]: Illuminate\Database\Console\Migrations\MigrateCommand->fire()
#8 /Users/lesin/vagrant/phpword/vendor/laravel/framework/src/Illuminate/Container/BoundMethod.php(29): call_user_func_array(Array, Array)
#9 /Users/lesin/vagrant/phpword/vendor/laravel/framework/src/Illuminate/Support/helpers.php(912): Illuminate\Container\BoundMethod::Illuminate\Container\{closure}()
#10 /Users/lesin/vagrant/phpword/vendor/laravel/framework/src/Illuminate/Container/BoundMethod.php(86): value(Object(Closure))
#11 /Users/lesin/vagrant/phpword/vendor/laravel/framework/src/Illuminate/Container/BoundMethod.php(30): Illuminate\Container\BoundMethod::callBoundMethod(Object(Illuminate\Foundation\Application), Array, Object(Closure))
#12 /Users/lesin/vagrant/phpword/vendor/laravel/framework/src/Illuminate/Container/Container.php(524): Illuminate\Container\BoundMethod::call(Object(Illuminate\Foundation\Application), Array, Array, NULL)
#13 /Users/lesin/vagrant/phpword/vendor/laravel/framework/src/Illuminate/Console/Command.php(182): Illuminate\Container\Container->call(Array)
#14 /Users/lesin/vagrant/phpword/vendor/symfony/console/Command/Command.php(262): Illuminate\Console\Command->execute(Object(Symfony\Component\Console\Input\ArgvInput), Object(Illuminate\Console\OutputStyle))
#15 /Users/lesin/vagrant/phpword/vendor/laravel/framework/src/Illuminate/Console/Command.php(168): Symfony\Component\Console\Command\Command->run(Object(Symfony\Component\Console\Input\ArgvInput), Object(Illuminate\Console\OutputStyle))
#16 /Users/lesin/vagrant/phpword/vendor/symfony/console/Application.php(826): Illuminate\Console\Command->run(Object(Symfony\Component\Console\Input\ArgvInput), Object(Symfony\Component\Console\Output\ConsoleOutput))
#17 /Users/lesin/vagrant/phpword/vendor/symfony/console/Application.php(189): Symfony\Component\Console\Application->doRunCommand(Object(Illuminate\Database\Console\Migrations\MigrateCommand), Object(Symfony\Component\Console\Input\ArgvInput), Object(Symfony\Component\Console\Output\ConsoleOutput))
#18 /Users/lesin/vagrant/phpword/vendor/symfony/console/Application.php(120): Symfony\Component\Console\Application->doRun(Object(Symfony\Component\Console\Input\ArgvInput), Object(Symfony\Component\Console\Output\ConsoleOutput))
#19 /Users/lesin/vagrant/phpword/vendor/laravel/framework/src/Illuminate/Foundation/Console/Kernel.php(123): Symfony\Component\Console\Application->run(Object(Symfony\Component\Console\Input\ArgvInput), Object(Symfony\Component\Console\Output\ConsoleOutput))
#20 /Users/lesin/vagrant/phpword/artisan(36): Illuminate\Foundation\Console\Kernel->handle(Object(Symfony\Component\Console\Input\ArgvInput), Object(Symfony\Component\Console\Output\ConsoleOutput))
#21 {main}  
[2017-12-17 05:52:30] local.ERROR: exception 'PDOException' with message 'SQLSTATE[HY000] [1045] Access denied for user 'homestead'@'localhost' (using password: YES)' in /Users/lesin/vagrant/phpword/vendor/laravel/framework/src/Illuminate/Database/Connectors/Connector.php:68
Stack trace:
#0 /Users/lesin/vagrant/phpword/vendor/laravel/framework/src/Illuminate/Database/Connectors/Connector.php(68): PDO->__construct('mysql:host=127....', 'homestead', 'secret', Array)
#1 /Users/lesin/vagrant/phpword/vendor/laravel/framework/src/Illuminate/Database/Connectors/Connector.php(45): Illuminate\Database\Connectors\Connector->createPdoConnection('mysql:host=127....', 'homestead', 'secret', Array)
#2 /Users/lesin/vagrant/phpword/vendor/laravel/framework/src/Illuminate/Database/Connectors/MySqlConnector.php(24): Illuminate\Database\Connectors\Connector->createConnection('mysql:host=127....', Array, Array)
#3 /Users/lesin/vagrant/phpword/vendor/laravel/framework/src/Illuminate/Database/Connectors/ConnectionFactory.php(183): Illuminate\Database\Connectors\MySqlConnector->connect(Array)
#4 [internal function]: Illuminate\Database\Connectors\ConnectionFactory->Illuminate\Database\Connectors\{closure}()
#5 /Users/lesin/vagrant/phpword/vendor/laravel/framework/src/Illuminate/Database/Connection.php(882): call_user_func(Object(Closure))
#6 /Users/lesin/vagrant/phpword/vendor/laravel/framework/src/Illuminate/Database/Connection.php(445): Illuminate\Database\Connection->getPdo()
#7 /Users/lesin/vagrant/phpword/vendor/laravel/framework/src/Illuminate/Database/Connection.php(640): Illuminate\Database\Connection->Illuminate\Database\{closure}('insert into `ad...', Array)
#8 /Users/lesin/vagrant/phpword/vendor/laravel/framework/src/Illuminate/Database/Connection.php(607): Illuminate\Database\Connection->runQueryCallback('insert into `ad...', Array, Object(Closure))
#9 /Users/lesin/vagrant/phpword/vendor/laravel/framework/src/Illuminate/Database/Connection.php(450): Illuminate\Database\Connection->run('insert into `ad...', Array, Object(Closure))
#10 /Users/lesin/vagrant/phpword/vendor/laravel/framework/src/Illuminate/Database/Connection.php(404): Illuminate\Database\Connection->statement('insert into `ad...', Array)
#11 /Users/lesin/vagrant/phpword/vendor/laravel/framework/src/Illuminate/Database/Query/Processors/Processor.php(32): Illuminate\Database\Connection->insert('insert into `ad...', Array)
#12 /Users/lesin/vagrant/phpword/vendor/laravel/framework/src/Illuminate/Database/Query/Builder.php(2196): Illuminate\Database\Query\Processors\Processor->processInsertGetId(Object(Illuminate\Database\Query\Builder), 'insert into `ad...', Array, 'id')
#13 /Users/lesin/vagrant/phpword/vendor/laravel/framework/src/Illuminate/Database/Eloquent/Builder.php(1319): Illuminate\Database\Query\Builder->insertGetId(Array, 'id')
#14 /Users/lesin/vagrant/phpword/vendor/laravel/framework/src/Illuminate/Database/Eloquent/Model.php(674): Illuminate\Database\Eloquent\Builder->__call('insertGetId', Array)
#15 /Users/lesin/vagrant/phpword/vendor/laravel/framework/src/Illuminate/Database/Eloquent/Model.php(674): Illuminate\Database\Eloquent\Builder->insertGetId(Array, 'id')
#16 /Users/lesin/vagrant/phpword/vendor/laravel/framework/src/Illuminate/Database/Eloquent/Model.php(639): Illuminate\Database\Eloquent\Model->insertAndSetId(Object(Illuminate\Database\Eloquent\Builder), Array)
#17 /Users/lesin/vagrant/phpword/vendor/laravel/framework/src/Illuminate/Database/Eloquent/Model.php(508): Illuminate\Database\Eloquent\Model->performInsert(Object(Illuminate\Database\Eloquent\Builder))
#18 /Users/lesin/vagrant/phpword/app/AdminLog.php(18): Illuminate\Database\Eloquent\Model->save()
#19 /Users/lesin/vagrant/phpword/app/Providers/RouteServiceProvider.php(87): App\AdminLog->writeLog('/user')
#20 /Users/lesin/vagrant/phpword/app/Providers/RouteServiceProvider.php(31): App\Providers\RouteServiceProvider->_autoTrace()
#21 [internal function]: App\Providers\RouteServiceProvider->boot()
#22 /Users/lesin/vagrant/phpword/vendor/laravel/framework/src/Illuminate/Container/BoundMethod.php(29): call_user_func_array(Array, Array)
#23 /Users/lesin/vagrant/phpword/vendor/laravel/framework/src/Illuminate/Support/helpers.php(912): Illuminate\Container\BoundMethod::Illuminate\Container\{closure}()
#24 /Users/lesin/vagrant/phpword/vendor/laravel/framework/src/Illuminate/Container/BoundMethod.php(86): value(Object(Closure))
#25 /Users/lesin/vagrant/phpword/vendor/laravel/framework/src/Illuminate/Container/BoundMethod.php(30): Illuminate\Container\BoundMethod::callBoundMethod(Object(Illuminate\Foundation\Application), Array, Object(Closure))
#26 /Users/lesin/vagrant/phpword/vendor/laravel/framework/src/Illuminate/Container/Container.php(524): Illuminate\Container\BoundMethod::call(Object(Illuminate\Foundation\Application), Array, Array, NULL)
#27 /Users/lesin/vagrant/phpword/vendor/laravel/framework/src/Illuminate/Foundation/Application.php(762): Illuminate\Container\Container->call(Array)
#28 /Users/lesin/vagrant/phpword/vendor/laravel/framework/src/Illuminate/Foundation/Application.php(745): Illuminate\Foundation\Application->bootProvider(Object(App\Providers\RouteServiceProvider))
#29 [internal function]: Illuminate\Foundation\Application->Illuminate\Foundation\{closure}(Object(App\Providers\RouteServiceProvider), 17)
#30 /Users/lesin/vagrant/phpword/vendor/laravel/framework/src/Illuminate/Foundation/Application.php(746): array_walk(Array, Object(Closure))
#31 /Users/lesin/vagrant/phpword/vendor/laravel/framework/src/Illuminate/Foundation/Bootstrap/BootProviders.php(17): Illuminate\Foundation\Application->boot()
#32 /Users/lesin/vagrant/phpword/vendor/laravel/framework/src/Illuminate/Foundation/Application.php(208): Illuminate\Foundation\Bootstrap\BootProviders->bootstrap(Object(Illuminate\Foundation\Application))
#33 /Users/lesin/vagrant/phpword/vendor/laravel/framework/src/Illuminate/Foundation/Http/Kernel.php(160): Illuminate\Foundation\Application->bootstrapWith(Array)
#34 /Users/lesin/vagrant/phpword/vendor/laravel/framework/src/Illuminate/Foundation/Http/Kernel.php(144): Illuminate\Foundation\Http\Kernel->bootstrap()
#35 /Users/lesin/vagrant/phpword/vendor/laravel/framework/src/Illuminate/Foundation/Http/Kernel.php(116): Illuminate\Foundation\Http\Kernel->sendRequestThroughRouter(Object(Illuminate\Http\Request))
#36 /Users/lesin/vagrant/phpword/public/index.php(54): Illuminate\Foundation\Http\Kernel->handle(Object(Illuminate\Http\Request))
#37 /Users/lesin/vagrant/phpword/server.php(21): require_once('/Users/lesin/va...')
#38 {main}  
[2017-12-17 05:52:30] local.ERROR: exception 'PDOException' with message 'SQLSTATE[HY000] [1045] Access denied for user 'homestead'@'localhost' (using password: YES)' in /Users/lesin/vagrant/phpword/vendor/laravel/framework/src/Illuminate/Database/Connectors/Connector.php:68
Stack trace:
#0 /Users/lesin/vagrant/phpword/vendor/laravel/framework/src/Illuminate/Database/Connectors/Connector.php(68): PDO->__construct('mysql:host=127....', 'homestead', 'secret', Array)
#1 /Users/lesin/vagrant/phpword/vendor/laravel/framework/src/Illuminate/Database/Connectors/Connector.php(45): Illuminate\Database\Connectors\Connector->createPdoConnection('mysql:host=127....', 'homestead', 'secret', Array)
#2 /Users/lesin/vagrant/phpword/vendor/laravel/framework/src/Illuminate/Database/Connectors/MySqlConnector.php(24): Illuminate\Database\Connectors\Connector->createConnection('mysql:host=127....', Array, Array)
#3 /Users/lesin/vagrant/phpword/vendor/laravel/framework/src/Illuminate/Database/Connectors/ConnectionFactory.php(183): Illuminate\Database\Connectors\MySqlConnector->connect(Array)
#4 [internal function]: Illuminate\Database\Connectors\ConnectionFactory->Illuminate\Database\Connectors\{closure}()
#5 /Users/lesin/vagrant/phpword/vendor/laravel/framework/src/Illuminate/Database/Connection.php(882): call_user_func(Object(Closure))
#6 /Users/lesin/vagrant/phpword/vendor/laravel/framework/src/Illuminate/Database/Connection.php(445): Illuminate\Database\Connection->getPdo()
#7 /Users/lesin/vagrant/phpword/vendor/laravel/framework/src/Illuminate/Database/Connection.php(640): Illuminate\Database\Connection->Illuminate\Database\{closure}('insert into `ad...', Array)
#8 /Users/lesin/vagrant/phpword/vendor/laravel/framework/src/Illuminate/Database/Connection.php(607): Illuminate\Database\Connection->runQueryCallback('insert into `ad...', Array, Object(Closure))
#9 /Users/lesin/vagrant/phpword/vendor/laravel/framework/src/Illuminate/Database/Connection.php(450): Illuminate\Database\Connection->run('insert into `ad...', Array, Object(Closure))
#10 /Users/lesin/vagrant/phpword/vendor/laravel/framework/src/Illuminate/Database/Connection.php(404): Illuminate\Database\Connection->statement('insert into `ad...', Array)
#11 /Users/lesin/vagrant/phpword/vendor/laravel/framework/src/Illuminate/Database/Query/Processors/Processor.php(32): Illuminate\Database\Connection->insert('insert into `ad...', Array)
#12 /Users/lesin/vagrant/phpword/vendor/laravel/framework/src/Illuminate/Database/Query/Builder.php(2196): Illuminate\Database\Query\Processors\Processor->processInsertGetId(Object(Illuminate\Database\Query\Builder), 'insert into `ad...', Array, 'id')
#13 /Users/lesin/vagrant/phpword/vendor/laravel/framework/src/Illuminate/Database/Eloquent/Builder.php(1319): Illuminate\Database\Query\Builder->insertGetId(Array, 'id')
#14 /Users/lesin/vagrant/phpword/vendor/laravel/framework/src/Illuminate/Database/Eloquent/Model.php(674): Illuminate\Database\Eloquent\Builder->__call('insertGetId', Array)
#15 /Users/lesin/vagrant/phpword/vendor/laravel/framework/src/Illuminate/Database/Eloquent/Model.php(674): Illuminate\Database\Eloquent\Builder->insertGetId(Array, 'id')
#16 /Users/lesin/vagrant/phpword/vendor/laravel/framework/src/Illuminate/Database/Eloquent/Model.php(639): Illuminate\Database\Eloquent\Model->insertAndSetId(Object(Illuminate\Database\Eloquent\Builder), Array)
#17 /Users/lesin/vagrant/phpword/vendor/laravel/framework/src/Illuminate/Database/Eloquent/Model.php(508): Illuminate\Database\Eloquent\Model->performInsert(Object(Illuminate\Database\Eloquent\Builder))
#18 /Users/lesin/vagrant/phpword/app/AdminLog.php(18): Illuminate\Database\Eloquent\Model->save()
#19 /Users/lesin/vagrant/phpword/app/Providers/RouteServiceProvider.php(87): App\AdminLog->writeLog('/user')
#20 /Users/lesin/vagrant/phpword/app/Providers/RouteServiceProvider.php(31): App\Providers\RouteServiceProvider->_autoTrace()
#21 [internal function]: App\Providers\RouteServiceProvider->boot()
#22 /Users/lesin/vagrant/phpword/vendor/laravel/framework/src/Illuminate/Container/BoundMethod.php(29): call_user_func_array(Array, Array)
#23 /Users/lesin/vagrant/phpword/vendor/laravel/framework/src/Illuminate/Support/helpers.php(912): Illuminate\Container\BoundMethod::Illuminate\Container\{closure}()
#24 /Users/lesin/vagrant/phpword/vendor/laravel/framework/src/Illuminate/Container/BoundMethod.php(86): value(Object(Closure))
#25 /Users/lesin/vagrant/phpword/vendor/laravel/framework/src/Illuminate/Container/BoundMethod.php(30): Illuminate\Container\BoundMethod::callBoundMethod(Object(Illuminate\Foundation\Application), Array, Object(Closure))
#26 /Users/lesin/vagrant/phpword/vendor/laravel/framework/src/Illuminate/Container/Container.php(524): Illuminate\Container\BoundMethod::call(Object(Illuminate\Foundation\Application), Array, Array, NULL)
#27 /Users/lesin/vagrant/phpword/vendor/laravel/framework/src/Illuminate/Foundation/Application.php(762): Illuminate\Container\Container->call(Array)
#28 /Users/lesin/vagrant/phpword/vendor/laravel/framework/src/Illuminate/Foundation/Application.php(745): Illuminate\Foundation\Application->bootProvider(Object(App\Providers\RouteServiceProvider))
#29 [internal function]: Illuminate\Foundation\Application->Illuminate\Foundation\{closure}(Object(App\Providers\RouteServiceProvider), 17)
#30 /Users/lesin/vagrant/phpword/vendor/laravel/framework/src/Illuminate/Foundation/Application.php(746): array_walk(Array, Object(Closure))
#31 /Users/lesin/vagrant/phpword/vendor/laravel/framework/src/Illuminate/Foundation/Bootstrap/BootProviders.php(17): Illuminate\Foundation\Application->boot()
#32 /Users/lesin/vagrant/phpword/vendor/laravel/framework/src/Illuminate/Foundation/Application.php(208): Illuminate\Foundation\Bootstrap\BootProviders->bootstrap(Object(Illuminate\Foundation\Application))
#33 /Users/lesin/vagrant/phpword/vendor/laravel/framework/src/Illuminate/Foundation/Http/Kernel.php(160): Illuminate\Foundation\Application->bootstrapWith(Array)
#34 /Users/lesin/vagrant/phpword/vendor/laravel/framework/src/Illuminate/Foundation/Http/Kernel.php(144): Illuminate\Foundation\Http\Kernel->bootstrap()
#35 /Users/lesin/vagrant/phpword/vendor/laravel/framework/src/Illuminate/Foundation/Http/Kernel.php(116): Illuminate\Foundation\Http\Kernel->sendRequestThroughRouter(Object(Illuminate\Http\Request))
#36 /Users/lesin/vagrant/phpword/public/index.php(54): Illuminate\Foundation\Http\Kernel->handle(Object(Illuminate\Http\Request))
#37 /Users/lesin/vagrant/phpword/server.php(21): require_once('/Users/lesin/va...')
#38 {main}

Next exception 'Illuminate\Database\QueryException' with message 'SQLSTATE[HY000] [1045] Access denied for user 'homestead'@'localhost' (using password: YES) (SQL: insert into `admin_logs` (`user_id`, `nickname`, `action`) values (10, asd, /user))' in /Users/lesin/vagrant/phpword/vendor/laravel/framework/src/Illuminate/Database/Connection.php:647
Stack trace:
#0 /Users/lesin/vagrant/phpword/vendor/laravel/framework/src/Illuminate/Database/Connection.php(607): Illuminate\Database\Connection->runQueryCallback('insert into `ad...', Array, Object(Closure))
#1 /Users/lesin/vagrant/phpword/vendor/laravel/framework/src/Illuminate/Database/Connection.php(450): Illuminate\Database\Connection->run('insert into `ad...', Array, Object(Closure))
#2 /Users/lesin/vagrant/phpword/vendor/laravel/framework/src/Illuminate/Database/Connection.php(404): Illuminate\Database\Connection->statement('insert into `ad...', Array)
#3 /Users/lesin/vagrant/phpword/vendor/laravel/framework/src/Illuminate/Database/Query/Processors/Processor.php(32): Illuminate\Database\Connection->insert('insert into `ad...', Array)
#4 /Users/lesin/vagrant/phpword/vendor/laravel/framework/src/Illuminate/Database/Query/Builder.php(2196): Illuminate\Database\Query\Processors\Processor->processInsertGetId(Object(Illuminate\Database\Query\Builder), 'insert into `ad...', Array, 'id')
#5 /Users/lesin/vagrant/phpword/vendor/laravel/framework/src/Illuminate/Database/Eloquent/Builder.php(1319): Illuminate\Database\Query\Builder->insertGetId(Array, 'id')
#6 /Users/lesin/vagrant/phpword/vendor/laravel/framework/src/Illuminate/Database/Eloquent/Model.php(674): Illuminate\Database\Eloquent\Builder->__call('insertGetId', Array)
#7 /Users/lesin/vagrant/phpword/vendor/laravel/framework/src/Illuminate/Database/Eloquent/Model.php(674): Illuminate\Database\Eloquent\Builder->insertGetId(Array, 'id')
#8 /Users/lesin/vagrant/phpword/vendor/laravel/framework/src/Illuminate/Database/Eloquent/Model.php(639): Illuminate\Database\Eloquent\Model->insertAndSetId(Object(Illuminate\Database\Eloquent\Builder), Array)
#9 /Users/lesin/vagrant/phpword/vendor/laravel/framework/src/Illuminate/Database/Eloquent/Model.php(508): Illuminate\Database\Eloquent\Model->performInsert(Object(Illuminate\Database\Eloquent\Builder))
#10 /Users/lesin/vagrant/phpword/app/AdminLog.php(18): Illuminate\Database\Eloquent\Model->save()
#11 /Users/lesin/vagrant/phpword/app/Providers/RouteServiceProvider.php(87): App\AdminLog->writeLog('/user')
#12 /Users/lesin/vagrant/phpword/app/Providers/RouteServiceProvider.php(31): App\Providers\RouteServiceProvider->_autoTrace()
#13 [internal function]: App\Providers\RouteServiceProvider->boot()
#14 /Users/lesin/vagrant/phpword/vendor/laravel/framework/src/Illuminate/Container/BoundMethod.php(29): call_user_func_array(Array, Array)
#15 /Users/lesin/vagrant/phpword/vendor/laravel/framework/src/Illuminate/Support/helpers.php(912): Illuminate\Container\BoundMethod::Illuminate\Container\{closure}()
#16 /Users/lesin/vagrant/phpword/vendor/laravel/framework/src/Illuminate/Container/BoundMethod.php(86): value(Object(Closure))
#17 /Users/lesin/vagrant/phpword/vendor/laravel/framework/src/Illuminate/Container/BoundMethod.php(30): Illuminate\Container\BoundMethod::callBoundMethod(Object(Illuminate\Foundation\Application), Array, Object(Closure))
#18 /Users/lesin/vagrant/phpword/vendor/laravel/framework/src/Illuminate/Container/Container.php(524): Illuminate\Container\BoundMethod::call(Object(Illuminate\Foundation\Application), Array, Array, NULL)
#19 /Users/lesin/vagrant/phpword/vendor/laravel/framework/src/Illuminate/Foundation/Application.php(762): Illuminate\Container\Container->call(Array)
#20 /Users/lesin/vagrant/phpword/vendor/laravel/framework/src/Illuminate/Foundation/Application.php(745): Illuminate\Foundation\Application->bootProvider(Object(App\Providers\RouteServiceProvider))
#21 [internal function]: Illuminate\Foundation\Application->Illuminate\Foundation\{closure}(Object(App\Providers\RouteServiceProvider), 17)
#22 /Users/lesin/vagrant/phpword/vendor/laravel/framework/src/Illuminate/Foundation/Application.php(746): array_walk(Array, Object(Closure))
#23 /Users/lesin/vagrant/phpword/vendor/laravel/framework/src/Illuminate/Foundation/Bootstrap/BootProviders.php(17): Illuminate\Foundation\Application->boot()
#24 /Users/lesin/vagrant/phpword/vendor/laravel/framework/src/Illuminate/Foundation/Application.php(208): Illuminate\Foundation\Bootstrap\BootProviders->bootstrap(Object(Illuminate\Foundation\Application))
#25 /Users/lesin/vagrant/phpword/vendor/laravel/framework/src/Illuminate/Foundation/Http/Kernel.php(160): Illuminate\Foundation\Application->bootstrapWith(Array)
#26 /Users/lesin/vagrant/phpword/vendor/laravel/framework/src/Illuminate/Foundation/Http/Kernel.php(144): Illuminate\Foundation\Http\Kernel->bootstrap()
#27 /Users/lesin/vagrant/phpword/vendor/laravel/framework/src/Illuminate/Foundation/Http/Kernel.php(116): Illuminate\Foundation\Http\Kernel->sendRequestThroughRouter(Object(Illuminate\Http\Request))
#28 /Users/lesin/vagrant/phpword/public/index.php(54): Illuminate\Foundation\Http\Kernel->handle(Object(Illuminate\Http\Request))
#29 /Users/lesin/vagrant/phpword/server.php(21): require_once('/Users/lesin/va...')
#30 {main}  
